<?xml version="1.0" encoding="UTF-8"?>
<!-- Generated by org.testng.reporters.JUnitReportReporter -->
<testsuite hostname="narottam" failures="0" tests="2" name="com.bce.api.test.EmployeeTests" time="0.055" errors="0" timestamp="2024-06-24T17:16:17 IST" skipped="0">
  <testcase classname="com.bce.api.test.EmployeeTests" name="testGetAllEmployee" time="0.025"/>
  <testcase classname="com.bce.api.test.EmployeeTests" name="testCreateEmployee" time="0.030"/>
</testsuite> <!-- com.bce.api.test.EmployeeTests -->
